job started
job finished
job started
job finished
Running job is python3 workloads/sleep_job.py
job started
job finished
Running job is python3 workloads/sleep_job.py
job started
job finished
Return code0

Running job is python3 workloads/sleep_job.py
job started
job finished
Return code: 0

Running job is python3 workloads/sleep_job.py
job started
job finished
Return code: 0

Duration: 2.03 seconds 

 Running job is {'name': 'sleep_test', 'command': 'python3 workloads/sleep_job.py'}
STDERR:
command: 1: name: not found
Return code: 127

Duration: 0.25 seconds 

 Running job is {'name': 'sleep_test', 'command': 'python3 workloads/sleep_job.py'}
job started
job finished
Return code: 0

Duration: 2.05 seconds 

 Running job is sleep_test
job started
job finished
Return code: 0

Duration: 2.04 seconds 

 Running job is sleep_test
job started
job finished
Return code: 0

Duration: 2.06 seconds 

 Running job is sleep_test
job started
job finished
Return code: 0

Duration: 2.05 seconds 

 Running job is sleep_test
job started
job finished
Return code: 0

Duration: 2.03 seconds 

 Running job is sleep_test
job started
job finished
Return code: 0

Duration: 2.04 seconds 

 Running job is sleep_test
job started
job finished
Return code: 0

Duration: 2.03 seconds 

 Running job is sleep_test
job started
job finished
Return code: 0

Duration: 2.05 seconds 

 Running job is sleep_test
job started
job finished
Return code: 0

Duration: 2.03 seconds 

 Running job is sleep_test
job started
job finished
Return code: 0

Duration: 2.02 seconds 

 Running job is sleep_test
job started
job finished
Return code: 0

Duration: 2.02 seconds 

 Running job is sleep_test
job started
job finished
Return code: 0

Duration: 2.02 seconds 

 Running job is sleep_test
job started
job finished
Return code: 0

Duration: 2.02 seconds 

 Running job is sleep_test
job started
job finished
Return code: 0

Duration: 2.02 seconds 

 Running job is sleep_test
job started
job finished
Return code: 0

Duration: 2.02 seconds 

 Running job is sleep_test
job started
job finished
Return code: 0

Duration: 2.02 seconds 

 Running job is sleep_test
job started
job finished
Return code: 0

Duration: 2.02 seconds 

 Running job is sleep_test
job started
job finished
Return code: 0

Duration: 2.02 seconds 

 Running job is sleep_test
job started
job finished
Return code: 0

Duration: 2.02 seconds 

 Running job is sleep_test
job started
job finished
Return code: 0

Duration: 2.02 seconds 

 Running job is sleep_test
job started
job finished
Return code: 0

Duration: 2.02 seconds 

 Running job is sleep_test
job started
job finished
Return code: 0

Duration: 2.03 seconds 

 Running job is sleep_test
job started
job finished
Return code: 0

Duration: 2.02 seconds 

 Running job: sleep_test
job started
job finished
Running job: sleep_test
job started
job finished
Return code: 0

Running job: sleep_test
job started
job finished
Return code: 0

Duration: 2.03 seconds

 Running job: sleep_test
job started
job finished
Return code: 0

Duration: 2.04 seconds

 Running job: sleep_test
job started
job finished
Return code: 0

Duration: 2.03 seconds

 Running job: sleep_test
job started
job finished
Return code: 0

Duration: 2.02 seconds

 Running job: sleep_test
job started
job finished
Return code: 0

Duration: 2.03 seconds

 Running job: sleep1
job started
job finished
Return code: 0

Duration: 5.03 seconds

 Running job: sleep2
job started
job finished
Return code: 0

Duration: 5.03 seconds

 Running job: sleep3
job started
job finished
Return code: 0

Duration: 5.03 seconds

 Running job: sleep1
job started
job finished
Return code: 0

Duration: 5.04 seconds

 Running job: sleep2
job started
job finished
Return code: 0

Duration: 5.03 seconds

 Running job: sleep3
job started
job finished
Return code: 0

Duration: 5.05 seconds

 Running job: sleep1
job started
job finished
Return code: 0

Duration: 5.03 seconds

 Running job: sleep2
job started
job finished
Return code: 0

Duration: 5.03 seconds

 Running job: sleep3
job started
job finished
Return code: 0

Duration: 5.04 seconds

 Running job: sleep1
job started
job finished
Return code: 0

Duration: 5.05 seconds

 Running job: sleep2
job started
job finished
Return code: 0

Duration: 5.05 seconds

 Running job: sleep3
job started
job finished
Return code: 0

Duration: 5.04 seconds

 Running job: sleep1
job started
job finished
Return code: 0

Duration: 5.03 seconds

 Running job: sleep2
job started
job finished
Return code: 0

Duration: 5.03 seconds

 Running job: sleep3
job started
job finished
Return code: 0

Duration: 5.03 seconds

 Running job: sleep1
job started
job finished
Return code: 0

Duration: 5.03 seconds

 Running job: sleep2
job started
job finished
Return code: 0

Duration: 5.03 seconds

 Running job: sleep3
job started
job finished
Return code: 0

Duration: 5.03 seconds

 Running job: sleep1
job started
job finished
Return code: 0

Duration: 5.02 seconds

 Running job: sleep2
job started
job finished
Return code: 0

Duration: 5.02 seconds

 Running job: sleep3
job started
job finished
Return code: 0

Duration: 5.02 seconds

 Running job: sleep1
job started
job finished
Return code: 0

Duration: 5.02 seconds

 Running job: sleep2
job started
job finished
Return code: 0

Duration: 5.02 seconds

 Running job: sleep3
job started
job finished
Return code: 0

Duration: 5.02 seconds

 Running job: sleep1
job started
job finished
Return code: 0

Duration: 5.03 seconds

 Running job: sleep2
job started
job finished
Return code: 0

Duration: 5.03 seconds

 Running job: sleep3
job started
job finished
Return code: 0

Duration: 5.03 seconds

 Running job: sleep1
job started
job finished
Return code: 0

Duration: 5.02 seconds

 Running job: sleep2
job started
job finished
Return code: 0

Duration: 5.02 seconds

 Running job: sleep3
job started
job finished
Return code: 0

Duration: 5.02 seconds

 Running job: sleep1
job started
job finished
Return code: 0

Duration: 5.02 seconds

 Running job: sleep2
job started
job finished
Return code: 0

Duration: 5.02 seconds

 Running job: sleep3
job started
job finished
Return code: 0

Duration: 5.02 seconds

 Running job: sleep1
job started
job finished
Return code: 0

Duration: 5.03 seconds

 Running job: sleep2
job started
job finished
Return code: 0

Duration: 5.03 seconds

 Running job: sleep3
job started
job finished
Return code: 0

Duration: 5.03 seconds

 Running job: sleep1
job started
job finished
Return code: 0

Duration: 4.63 seconds

 Running job: sleep2
job started
job finished
Return code: 0

Duration: 4.62 seconds

 Running job: sleep3
job started
job finished
Return code: 0

Duration: 4.62 seconds

 Running job: sleep1
job started
job finished
Return code: 0

Duration: 4.62 seconds

 Running job: sleep2
job started
job finished
Return code: 0

Duration: 4.62 seconds

 Running job: sleep3
job started
job finished
Return code: 0

Duration: 4.62 seconds

 Running job: sleep1
job started
job finished
Return code: 0

Duration: 5.03 seconds

 Running job: sleep2
job started
job finished
Return code: 0

Duration: 5.03 seconds

 Running job: sleep3
job started
job finished
Return code: 0

Duration: 5.03 seconds

 Running job: sleep1
job started
job finished
Return code: 0

Duration: 5.02 seconds

 Running job: sleep2
job started
job finished
Return code: 0

Duration: 5.02 seconds

 Running job: sleep3
job started
job finished
Return code: 0

Duration: 5.03 seconds

 